[06:51:06] [Thread-4/INFO]: [STDOUT]: SERVER enter state: DORMANT
[06:51:06] [EnvServerSocketHandler/INFO]: Received Mission token 9e5bdb0b-8957-4c15-a5f2-9be3ed910884:0:0:1:true:19961103
[06:51:06] [EnvServerSocketHandler/INFO]: Received mission init command  <MissionInit xmlns="http://ProjectMalmo.microsoft.com" xmlns:xsi="http://www.w3.org/2001/XMLSchema-instance" SchemaVersion="" PlatformVersion="0.37.0"><Mission><About><Summary>MineRLHumanSurvival-v0</Summary></About><ModSettings><MsPerTick>50</MsPerTick></ModSettings><ServerSection><ServerInitialConditions><Time><AllowPassageOfTime>true</AllowPassageOfTime></Time><AllowSpawning>true</AllowSpawning></ServerInitialConditions><ServerHandlers><DefaultWorldGenerator forceReset="true" generatorOptions="{}"/><ServerQuitWhenAnyAgentFinishes/></ServerHandlers></ServerSection><AgentSection mode="Survival"><Name>MineRLAgent0</Name><AgentStart><LowLevelInputs>true</LowLevelInputs><GuiScale>1.0</GuiScale><GammaSetting>2.0</GammaSetting><FOVSetting>70.0</FOVSetting><FakeCursorSize>16</FakeCursorSize><Inventory><InventoryObject slot="0" type="iron_pickaxe" quantity="1"/></Inventory></AgentStart><AgentHandlers><FileBasedPerformanceProducer/><PauseCommand/><VideoProducer want_depth="false"><Width>640</Width><Height>360</Height></VideoProducer><ObservationFromFullInventory flat="false"/><ObservationFromEquippedItem/><ObservationFromFullStats/><ObservationFromFullStats/><HumanLevelCommands/><CameraCommands/><ChatCommands/><IsGuiOpen/></AgentHandlers></AgentSection></Mission><ExperimentUID>9e5bdb0b-8957-4c15-a5f2-9be3ed910884</ExperimentUID><ClientRole>0</ClientRole><ClientAgentConnection><ClientIPAddress>127.0.0.1</ClientIPAddress><ClientMissionControlPort>0</ClientMissionControlPort><ClientCommandsPort>0</ClientCommandsPort><AgentIPAddress>127.0.0.1</AgentIPAddress><AgentMissionControlPort>0</AgentMissionControlPort><AgentVideoPort>0</AgentVideoPort><AgentDepthPort>0</AgentDepthPort><AgentLuminancePort>0</AgentLuminancePort><AgentObservationsPort>0</AgentObservationsPort><AgentRewardsPort>0</AgentRewardsPort><AgentColourMapPort>0</AgentColourMapPort></ClientAgentConnection></MissionInit>
[06:51:06] [EnvServerSocketHandler/INFO]: [STDOUT]: Setting width, height to 640, 360
[06:51:06] [EnvServerSocketHandler/INFO]: [STDOUT]: Gamma: 2.0
[06:51:06] [EnvServerSocketHandler/INFO]: [STDOUT]: FOV: 70.0
[06:51:06] [EnvServerSocketHandler/INFO]: [STDOUT]: GuiScale: 1.0
[06:51:07] [Render thread/WARN]: Ambiguity between arguments [teleport, destination] and [teleport, targets] with inputs: [Player, 0123, @e, dd12be42-52a9-4a91-a8a1-11c01849e498]
[06:51:07] [Render thread/WARN]: Ambiguity between arguments [teleport, location] and [teleport, destination] with inputs: [0.1 -0.5 .9, 0 0 0]
[06:51:07] [Render thread/WARN]: Ambiguity between arguments [teleport, location] and [teleport, targets] with inputs: [0.1 -0.5 .9, 0 0 0]
[06:51:07] [Render thread/WARN]: Ambiguity between arguments [teleport, targets] and [teleport, destination] with inputs: [Player, 0123, dd12be42-52a9-4a91-a8a1-11c01849e498]
[06:51:07] [Render thread/WARN]: Ambiguity between arguments [teleport, targets, location] and [teleport, targets, destination] with inputs: [0.1 -0.5 .9, 0 0 0]
[06:51:07] [Render thread/INFO]: Reloading ResourceManager: Default
[06:51:07] [Render thread/INFO]: Loaded 7 recipes
[06:51:07] [Render thread/INFO]: Loaded 927 advancements
[06:51:08] [Render thread/INFO]: Environment: authHost='https://authserver.mojang.com', accountsHost='https://api.mojang.com', sessionHost='https://sessionserver.mojang.com', servicesHost='https://api.minecraftservices.com', name='PROD'
[06:51:08] [Render thread/INFO]: Starting integrated minecraft server version 1.16.5
[06:51:08] [Render thread/INFO]: Generating keypair
[06:51:12] [Render thread/INFO]: Preparing start region for dimension minecraft:overworld
[06:51:21] [Render thread/INFO]: Changing view distance to 11, from 10
[06:51:21] [Render thread/INFO]: MineRLAgent0[local:E:66e096e9] logged in with entity id 133 at (482.5, 68.0, 890.5)
[06:51:21] [Render thread/INFO]: MineRLAgent0 joined the game
[06:51:22] [Render thread/INFO]: [STDOUT]: *** creating fake mouse cursor ***
[06:51:22] [Render thread/INFO]: Preparing spawn area: 21%
[06:51:22] [Render thread/INFO]: Time elapsed: 2 ms
[06:51:22] [Render thread/INFO]: [STDOUT]: Starting new video null
[06:51:22] [Render thread/INFO]: Saving and pausing game...
[06:51:22] [Render thread/INFO]: Saving chunks for level 'ServerLevel[mcpworld7cf4b594999f]'/minecraft:overworld
[06:51:23] [Render thread/INFO]: Saving chunks for level 'ServerLevel[mcpworld7cf4b594999f]'/minecraft:the_nether
[06:51:23] [Render thread/INFO]: Saving chunks for level 'ServerLevel[mcpworld7cf4b594999f]'/minecraft:the_end
[06:51:23] [Render thread/INFO]: MineRLAgent0 has made the advancement [Isn't It Iron Pick]
[06:51:23] [Render thread/INFO]: [CHAT] MineRLAgent0 has made the advancement [Isn't It Iron Pick]
[06:51:23] [Render thread/INFO]: Loaded 11 advancements
[06:51:24] [Render thread/INFO]: [MineRLAgent0: Teleported MineRLAgent0 to 737.5, 18.0, 444.5]
[06:51:24] [Render thread/INFO]: [CHAT] Teleported MineRLAgent0 to 737.5, 18.0, 444.5
[06:51:24] [EnvServerSocketHandler/INFO]: [STDOUT]: custom.time_since_rest
[06:51:24] [EnvServerSocketHandler/INFO]: [STDOUT]: custom.play_one_minute
[06:51:24] [EnvServerSocketHandler/INFO]: [STDOUT]: custom.time_since_death
[06:51:25] [Render thread/INFO]: [MineRLAgent0: Applied effect Night Vision to MineRLAgent0]
[06:51:25] [Render thread/INFO]: [CHAT] Applied effect Night Vision to MineRLAgent0
[06:51:25] [EnvServerSocketHandler/INFO]: [STDOUT]: custom.time_since_rest
[06:51:25] [EnvServerSocketHandler/INFO]: [STDOUT]: custom.play_one_minute
[06:51:25] [EnvServerSocketHandler/INFO]: [STDOUT]: custom.time_since_death
[06:51:25] [EnvServerSocketHandler/INFO]: [STDOUT]: custom.time_since_rest
[06:51:25] [EnvServerSocketHandler/INFO]: [STDOUT]: custom.play_one_minute
[06:51:25] [EnvServerSocketHandler/INFO]: [STDOUT]: custom.time_since_death
[06:51:25] [EnvServerSocketHandler/INFO]: [STDOUT]: custom.time_since_rest
[06:51:25] [EnvServerSocketHandler/INFO]: [STDOUT]: custom.play_one_minute
[06:51:25] [EnvServerSocketHandler/INFO]: [STDOUT]: custom.time_since_death
[06:51:25] [EnvServerSocketHandler/INFO]: [STDOUT]: custom.time_since_rest
[06:51:25] [EnvServerSocketHandler/INFO]: [STDOUT]: custom.play_one_minute
[06:51:25] [EnvServerSocketHandler/INFO]: [STDOUT]: custom.time_since_death
[06:51:25] [EnvServerSocketHandler/INFO]: [STDOUT]: custom.time_since_rest
[06:51:25] [EnvServerSocketHandler/INFO]: [STDOUT]: custom.play_one_minute
[06:51:25] [EnvServerSocketHandler/INFO]: [STDOUT]: custom.time_since_death
[06:51:25] [EnvServerSocketHandler/INFO]: [STDOUT]: custom.time_since_rest
[06:51:25] [EnvServerSocketHandler/INFO]: [STDOUT]: custom.play_one_minute
[06:51:25] [EnvServerSocketHandler/INFO]: [STDOUT]: custom.time_since_death
[06:51:26] [EnvServerSocketHandler/INFO]: [STDOUT]: custom.time_since_rest
[06:51:26] [EnvServerSocketHandler/INFO]: [STDOUT]: custom.play_one_minute
[06:51:26] [EnvServerSocketHandler/INFO]: [STDOUT]: custom.time_since_death
[06:51:26] [EnvServerSocketHandler/INFO]: [STDOUT]: custom.time_since_rest
[06:51:26] [EnvServerSocketHandler/INFO]: [STDOUT]: custom.play_one_minute
[06:51:26] [EnvServerSocketHandler/INFO]: [STDOUT]: custom.time_since_death
[06:51:26] [EnvServerSocketHandler/INFO]: [STDOUT]: custom.time_since_rest
[06:51:26] [EnvServerSocketHandler/INFO]: [STDOUT]: custom.play_one_minute
[06:51:26] [EnvServerSocketHandler/INFO]: [STDOUT]: custom.time_since_death
[06:51:26] [EnvServerSocketHandler/INFO]: [STDOUT]: custom.time_since_rest
[06:51:26] [EnvServerSocketHandler/INFO]: [STDOUT]: custom.play_one_minute
[06:51:26] [EnvServerSocketHandler/INFO]: [STDOUT]: custom.time_since_death
[06:51:26] [EnvServerSocketHandler/INFO]: [STDOUT]: custom.time_since_rest
[06:51:26] [EnvServerSocketHandler/INFO]: [STDOUT]: custom.play_one_minute
[06:51:26] [EnvServerSocketHandler/INFO]: [STDOUT]: custom.time_since_death
[06:51:26] [EnvServerSocketHandler/INFO]: [STDOUT]: custom.time_since_rest
[06:51:26] [EnvServerSocketHandler/INFO]: [STDOUT]: custom.play_one_minute
[06:51:26] [EnvServerSocketHandler/INFO]: [STDOUT]: custom.time_since_death
[06:51:26] [EnvServerSocketHandler/INFO]: [STDOUT]: custom.time_since_rest
[06:51:26] [EnvServerSocketHandler/INFO]: [STDOUT]: custom.play_one_minute
[06:51:26] [EnvServerSocketHandler/INFO]: [STDOUT]: custom.time_since_death
[06:51:26] [EnvServerSocketHandler/INFO]: [STDOUT]: custom.time_since_rest
[06:51:26] [EnvServerSocketHandler/INFO]: [STDOUT]: custom.play_one_minute
[06:51:26] [EnvServerSocketHandler/INFO]: [STDOUT]: custom.time_since_death
[06:51:26] [EnvServerSocketHandler/INFO]: [STDOUT]: custom.time_since_rest
[06:51:26] [EnvServerSocketHandler/INFO]: [STDOUT]: custom.play_one_minute
[06:51:26] [EnvServerSocketHandler/INFO]: [STDOUT]: custom.time_since_death
[06:51:26] [EnvServerSocketHandler/INFO]: [STDOUT]: custom.time_since_rest
[06:51:26] [EnvServerSocketHandler/INFO]: [STDOUT]: custom.play_one_minute
[06:51:26] [EnvServerSocketHandler/INFO]: [STDOUT]: custom.time_since_death
[06:51:26] [EnvServerSocketHandler/INFO]: [STDOUT]: custom.time_since_rest
[06:51:26] [EnvServerSocketHandler/INFO]: [STDOUT]: custom.play_one_minute
[06:51:26] [EnvServerSocketHandler/INFO]: [STDOUT]: custom.time_since_death
[06:51:26] [EnvServerSocketHandler/INFO]: [STDOUT]: custom.time_since_rest
[06:51:26] [EnvServerSocketHandler/INFO]: [STDOUT]: custom.play_one_minute
[06:51:26] [EnvServerSocketHandler/INFO]: [STDOUT]: custom.time_since_death
[06:51:26] [EnvServerSocketHandler/INFO]: [STDOUT]: custom.time_since_rest
[06:51:26] [EnvServerSocketHandler/INFO]: [STDOUT]: custom.play_one_minute
[06:51:26] [EnvServerSocketHandler/INFO]: [STDOUT]: custom.time_since_death
[06:51:32] [EnvServerSocketHandler/INFO]: [STDOUT]: *** Stopping the replay, returning control to the inputs
